<?xml version="1.0" encoding="UTF-8"?>
<!-- Generated by org.testng.reporters.JUnitReportReporter -->
<testsuite hostname="Reems-MacBook-Air.local" failures="0" tests="6" name="scripts.CarvanaTest" time="102.861" errors="0" timestamp="2022-06-18T22:23:27 CDT" skipped="0">
  <testcase classname="scripts.CarvanaTest" name="testTitleAndURL" time="12.397"/>
  <system-out/>
  <testcase classname="scripts.CarvanaTest" name="testLogoDisplayed" time="9.625"/>
  <system-out/>
  <testcase classname="scripts.CarvanaTest" name="testMainNavItems" time="13.005"/>
  <system-out/>
  <testcase classname="scripts.CarvanaTest" name="testSignInErrorMessage" time="17.144"/>
  <system-out/>
  <testcase classname="scripts.CarvanaTest" name="testSearchCarsFilterOptions" time="20.136"/>
  <system-out/>
  <testcase classname="scripts.CarvanaTest" name="testSearchResultTiles" time="30.554"/>
  <system-out/>
</testsuite> <!-- scripts.CarvanaTest -->
